<?xml version="1.0" encoding="UTF-8"?>
<!-- Generated by org.testng.reporters.JUnitReportReporter -->
<testsuite skipped="0" hostname="MYDear-PC" name="org.deathstar.test.smoke.TestLoginUS015" tests="1" failures="0" timestamp="17 Jun 2017 03:42:07 GMT" time="14.972" errors="0">
  <testcase name="testLoginValidTC051" time="14.972" classname="org.deathstar.test.smoke.TestLoginUS015"/>
</testsuite> <!-- org.deathstar.test.smoke.TestLoginUS015 -->
