<?xml version="1.0" encoding="UTF-8"?>
<!-- Generated by org.testng.reporters.JUnitReportReporter -->
<testsuite hostname="MYDear-PC" name="org.deathstar.test.smoke.TestLoginUS015" tests="1" failures="0" timestamp="17 Jun 2017 03:50:26 GMT" time="8.031" errors="0">
  <testcase name="testLoginValidTC051" time="8.031" classname="org.deathstar.test.smoke.TestLoginUS015"/>
</testsuite> <!-- org.deathstar.test.smoke.TestLoginUS015 -->
